  AppleMusicRPC_CPP.cpp
C:\Users\edoar\source\repos\PyEdoardo\applemusic-rpc\AppleMusicRPC_CPP.cpp(2,9): warning C4005: '_SILENCE_ALL_CXX17_DEPRECATION_WARNINGS': redefinição de macro
      C:\Users\edoar\source\repos\PyEdoardo\applemusic-rpc\AppleMusicRPC_CPP.cpp(2,9):
      '_SILENCE_ALL_CXX17_DEPRECATION_WARNINGS' declarado anteriormente na linha de comando
  
  AppleMusic.cpp
C:\Users\edoar\source\repos\PyEdoardo\applemusic-rpc\AppleMusic.cpp(1,9): warning C4005: '_SILENCE_ALL_CXX17_DEPRECATION_WARNINGS': redefinição de macro
      C:\Users\edoar\source\repos\PyEdoardo\applemusic-rpc\AppleMusic.cpp(1,9):
      '_SILENCE_ALL_CXX17_DEPRECATION_WARNINGS' declarado anteriormente na linha de comando
  
  achievement_manager.cpp
  activity_manager.cpp
  application_manager.cpp
  core.cpp
  image_manager.cpp
  lobby_manager.cpp
  network_manager.cpp
  overlay_manager.cpp
  relationship_manager.cpp
  storage_manager.cpp
  store_manager.cpp
  types.cpp
  user_manager.cpp
  voice_manager.cpp
  HandlerAudio.cpp
  Gerando Código...
  AppleMusicRPC_CPP.vcxproj -> C:\Users\edoar\source\repos\PyEdoardo\applemusic-rpc\x64\Debug\AppleMusicRPC_CPP.exe
